-------------------------------------------------------------------------------
Test set: com.mls.upload.client.integration.BusinessFlowIntegrationTest
-------------------------------------------------------------------------------
Tests run: 3, Failures: 1, Errors: 0, Skipped: 0, Time elapsed: 22.673 s <<< FAILURE! - in com.mls.upload.client.integration.BusinessFlowIntegrationTest
testCompleteBusinessFlow(com.mls.upload.client.integration.BusinessFlowIntegrationTest)  Time elapsed: 21.102 s  <<< FAILURE!
java.lang.AssertionError: 服务器连接应该成功
	at com.mls.upload.client.integration.BusinessFlowIntegrationTest.testCompleteBusinessFlow(BusinessFlowIntegrationTest.java:42)

