<?xml version="1.0" encoding="UTF-8"?>
<testsuite xmlns:xsi="http://www.w3.org/2001/XMLSchema-instance" xsi:noNamespaceSchemaLocation="https://maven.apache.org/surefire/maven-surefire-plugin/xsd/surefire-test-report.xsd" name="com.mls.upload.client.integration.BusinessFlowIntegrationTest" time="22.673" tests="3" errors="0" skipped="0" failures="1">
  <properties>
[...]
</properties>
  <testcase name="testServiceIntegration" classname="com.mls.upload.client.integration.BusinessFlowIntegrationTest" time="1.557"/>
  <testcase name="testErrorHandling" classname="com.mls.upload.client.integration.BusinessFlowIntegrationTest" time="0.014"/>
  <testcase name="testCompleteBusinessFlow" classname="com.mls.upload.client.integration.BusinessFlowIntegrationTest" time="21.102">
    <failure message="服务器连接应该成功" type="java.lang.AssertionError">java.lang.AssertionError: 服务器连接应该成功
	at com.mls.upload.client.integration.BusinessFlowIntegrationTest.testCompleteBusinessFlow(BusinessFlowIntegrationTest.java:42)
</failure>
    <system-out><![CDATA[2025-12-05 12:32:30.445 [main] INFO  com.mls.upload.client.util.HttpUtil - HTTP宸ュ叿绫诲垵濮嬪寲瀹屾垚锛岃秴鏃舵椂闂�: 30000ms
2025-12-05 12:32:30.445 [main] INFO  com.mls.upload.client.service.AuthService - 璁よ瘉鏈嶅姟鍒濆鍖栧畬鎴愶紝鏈嶅姟鍣ㄥ湴鍧�: http://192.168.0.79:8081
2025-12-05 12:32:30.448 [main] INFO  com.mls.upload.client.util.HttpUtil - HTTP宸ュ叿绫诲垵濮嬪寲瀹屾垚锛岃秴鏃舵椂闂�: 30000ms
2025-12-05 12:32:30.448 [main] INFO  com.mls.upload.client.service.FileUploadService - 鏂囦欢涓婁紶鏈嶅姟鍒濆鍖栧畬鎴愶紝绾跨▼姹犲ぇ灏�: 5
2025-12-05 12:32:30.448 [main] INFO  c.m.u.c.integration.BusinessFlowIntegrationTest - 闆嗘垚娴嬭瘯鐜鍒濆鍖栧畬鎴�
2025-12-05 12:32:30.448 [main] INFO  c.m.u.c.integration.BusinessFlowIntegrationTest - 寮�濮嬪畬鏁翠笟鍔℃祦绋嬫祴璇�...
2025-12-05 12:32:30.448 [main] INFO  c.m.u.c.integration.BusinessFlowIntegrationTest - 姝ラ1: 娴嬭瘯鏈嶅姟鍣ㄨ繛鎺�
2025-12-05 12:32:30.449 [main] INFO  com.mls.upload.client.service.AuthService - 娴嬭瘯鏈嶅姟鍣ㄨ繛鎺�: http://192.168.0.79:8081
2025-12-05 12:32:30.449 [main] DEBUG com.mls.upload.client.util.HttpUtil - 鍙戦�丟ET璇锋眰: http://192.168.0.79:8081/api/auth/health
2025-12-05 12:32:51.542 [main] ERROR com.mls.upload.client.util.HttpUtil - GET璇锋眰寮傚父: url=http://192.168.0.79:8081/api/auth/health, error=Failed to connect to /192.168.0.79:8081
java.net.ConnectException: Failed to connect to /192.168.0.79:8081
	at okhttp3.internal.connection.RealConnection.connectSocket(RealConnection.java:265)
	at okhttp3.internal.connection.RealConnection.connect(RealConnection.java:183)
	at okhttp3.internal.connection.ExchangeFinder.findConnection(ExchangeFinder.java:224)
	at okhttp3.internal.connection.ExchangeFinder.findHealthyConnection(ExchangeFinder.java:108)
	at okhttp3.internal.connection.ExchangeFinder.find(ExchangeFinder.java:88)
	at okhttp3.internal.connection.Transmitter.newExchange(Transmitter.java:169)
	at okhttp3.internal.connection.ConnectInterceptor.intercept(ConnectInterceptor.java:41)
	at okhttp3.internal.http.RealInterceptorChain.proceed(RealInterceptorChain.java:142)
	at okhttp3.internal.http.RealInterceptorChain.proceed(RealInterceptorChain.java:117)
	at okhttp3.internal.cache.CacheInterceptor.intercept(CacheInterceptor.java:94)
	at okhttp3.internal.http.RealInterceptorChain.proceed(RealInterceptorChain.java:142)
	at okhttp3.internal.http.RealInterceptorChain.proceed(RealInterceptorChain.java:117)
	at okhttp3.internal.http.BridgeInterceptor.intercept(BridgeInterceptor.java:93)
	at okhttp3.internal.http.RealInterceptorChain.proceed(RealInterceptorChain.java:142)
	at okhttp3.internal.http.RetryAndFollowUpInterceptor.intercept(RetryAndFollowUpInterceptor.java:88)
	at okhttp3.internal.http.RealInterceptorChain.proceed(RealInterceptorChain.java:142)
	at okhttp3.internal.http.RealInterceptorChain.proceed(RealInterceptorChain.java:117)
	at okhttp3.RealCall.getResponseWithInterceptorChain(RealCall.java:229)
	at okhttp3.RealCall.execute(RealCall.java:81)
	at com.mls.upload.client.util.HttpUtil.get(HttpUtil.java:76)
	at com.mls.upload.client.util.HttpUtil.get(HttpUtil.java:50)
	at com.mls.upload.client.service.AuthService.testConnection(AuthService.java:125)
	at com.mls.upload.client.integration.BusinessFlowIntegrationTest.testCompleteBusinessFlow(BusinessFlowIntegrationTest.java:41)
	at sun.reflect.NativeMethodAccessorImpl.invoke0(Native Method)
	at sun.reflect.NativeMethodAccessorImpl.invoke(NativeMethodAccessorImpl.java:62)
	at sun.reflect.DelegatingMethodAccessorImpl.invoke(DelegatingMethodAccessorImpl.java:43)
	at java.lang.reflect.Method.invoke(Method.java:498)
	at org.junit.runners.model.FrameworkMethod$1.runReflectiveCall(FrameworkMethod.java:59)
	at org.junit.internal.runners.model.ReflectiveCallable.run(ReflectiveCallable.java:12)
	at org.junit.runners.model.FrameworkMethod.invokeExplosively(FrameworkMethod.java:56)
	at org.junit.internal.runners.statements.InvokeMethod.evaluate(InvokeMethod.java:17)
	at org.junit.internal.runners.statements.RunBefores.evaluate(RunBefores.java:26)
	at org.junit.runners.ParentRunner$3.evaluate(ParentRunner.java:306)
	at org.junit.runners.BlockJUnit4ClassRunner$1.evaluate(BlockJUnit4ClassRunner.java:100)
	at org.junit.runners.ParentRunner.runLeaf(ParentRunner.java:366)
	at org.junit.runners.BlockJUnit4ClassRunner.runChild(BlockJUnit4ClassRunner.java:103)
	at org.junit.runners.BlockJUnit4ClassRunner.runChild(BlockJUnit4ClassRunner.java:63)
	at org.junit.runners.ParentRunner$4.run(ParentRunner.java:331)
	at org.junit.runners.ParentRunner$1.schedule(ParentRunner.java:79)
	at org.junit.runners.ParentRunner.runChildren(ParentRunner.java:329)
	at org.junit.runners.ParentRunner.access$100(ParentRunner.java:66)
	at org.junit.runners.ParentRunner$2.evaluate(ParentRunner.java:293)
	at org.junit.runners.ParentRunner$3.evaluate(ParentRunner.java:306)
	at org.junit.runners.ParentRunner.run(ParentRunner.java:413)
	at org.apache.maven.surefire.junit4.JUnit4Provider.execute(JUnit4Provider.java:365)
	at org.apache.maven.surefire.junit4.JUnit4Provider.executeWithRerun(JUnit4Provider.java:273)
	at org.apache.maven.surefire.junit4.JUnit4Provider.executeTestSet(JUnit4Provider.java:238)
	at org.apache.maven.surefire.junit4.JUnit4Provider.invoke(JUnit4Provider.java:159)
	at org.apache.maven.surefire.booter.ForkedBooter.invokeProviderInSameClassLoader(ForkedBooter.java:384)
	at org.apache.maven.surefire.booter.ForkedBooter.runSuitesInProcess(ForkedBooter.java:345)
	at org.apache.maven.surefire.booter.ForkedBooter.execute(ForkedBooter.java:126)
	at org.apache.maven.surefire.booter.ForkedBooter.main(ForkedBooter.java:418)
Caused by: java.net.ConnectException: Connection timed out: connect
	at java.net.DualStackPlainSocketImpl.waitForConnect(Native Method)
	at java.net.DualStackPlainSocketImpl.socketConnect(DualStackPlainSocketImpl.java:85)
	at java.net.AbstractPlainSocketImpl.doConnect(AbstractPlainSocketImpl.java:350)
	at java.net.AbstractPlainSocketImpl.connectToAddress(AbstractPlainSocketImpl.java:206)
	at java.net.AbstractPlainSocketImpl.connect(AbstractPlainSocketImpl.java:188)
	at java.net.PlainSocketImpl.connect(PlainSocketImpl.java:172)
	at java.net.SocksSocketImpl.connect(SocksSocketImpl.java:392)
	at java.net.Socket.connect(Socket.java:589)
	at okhttp3.internal.platform.Platform.connectSocket(Platform.java:130)
	at okhttp3.internal.connection.RealConnection.connectSocket(RealConnection.java:263)
	... 51 common frames omitted
2025-12-05 12:32:51.543 [main] INFO  com.mls.upload.client.service.AuthService - 鏈嶅姟鍣ㄨ繛鎺ユ祴璇曠粨鏋�: 澶辫触
]]></system-out>
  </testcase>
</testsuite>